<?xml version="1.0" encoding="UTF-8"?>
<testExecutions version="1">
  <file path="C:\Users\lrusse01\marvel-app\src\api\Characters.test.js">
    <testCase name="getCharacters doit retourner tous les personnages" duration="6"/>
    <testCase name="getCharacters doit retourner un tableau" duration="1"/>
    <testCase name="getCharacterById doit retourner un personnage par son ID" duration="0"/>
    <testCase name="getCharacterById doit retourner undefined pour un ID inexistant" duration="0"/>
  </file>
  <file path="C:\Users\lrusse01\marvel-app\src\pages\AboutPage.test.jsx">
    <testCase name="AboutPage Component should render the About information" duration="26"/>
    <testCase name="AboutPage Component should change the document title" duration="3"/>
  </file>
  <file path="C:\Users\lrusse01\marvel-app\src\pages\CharacterDetailPage.test.jsx">
    <testCase name="CharacterDetailPage Component should render character name correctly" duration="29"/>
    <testCase name="CharacterDetailPage Component should render CharacterDetail component with character data" duration="6"/>
  </file>
  <file path="C:\Users\lrusse01\marvel-app\src\pages\ContactPage.test.jsx">
    <testCase name="ContactPage Component should render the contact information" duration="27"/>
    <testCase name="ContactPage Component should change the document title" duration="3"/>
    <testCase name="ContactPage Component should have a mailto link" duration="33"/>
  </file>
  <file path="C:\Users\lrusse01\marvel-app\src\pages\CharactersPage.test.jsx">
    <testCase name="render CharactersPage component" duration="60"/>
  </file>
  <file path="C:\Users\lrusse01\marvel-app\src\components\CharactersList.test.jsx">
    <testCase name="CharactersList Component should display a list with one character" duration="52"/>
    <testCase name="CharactersList Component should display a list with multiple characters" duration="20"/>
  </file>
</testExecutions>