<?xml version="1.0" encoding="UTF-8"?>
<testExecutions version="1">
  <file path="C:\Users\lrusse01\marvel-app\src\api\Characters.test.js">
    <testCase name="getCharacters doit retourner tous les personnages" duration="4"/>
    <testCase name="getCharacters doit retourner un tableau" duration="0"/>
    <testCase name="getCharacterById doit retourner un personnage par son ID" duration="0"/>
    <testCase name="getCharacterById doit retourner undefined pour un ID inexistant" duration="1"/>
  </file>
  <file path="C:\Users\lrusse01\marvel-app\src\pages\ContactPage.test.jsx">
    <testCase name="ContactPage Component should render the contact information" duration="25"/>
    <testCase name="ContactPage Component should change the document title" duration="3"/>
    <testCase name="ContactPage Component should have a mailto link" duration="24"/>
  </file>
  <file path="C:\Users\lrusse01\marvel-app\src\pages\CharactersPage.test.jsx">
    <testCase name="render CharactersPage component" duration="56"/>
  </file>
</testExecutions>